# JRE version: Java(TM) SE Runtime Environment (8.0_121-b13) (build 1.8.0_121-b13)
# Java VM: Java HotSpot(TM) 64-Bit Server VM (25.121-b13 mixed mode windows-amd64 compressed oops)
Heap:
 PSYoungGen      total 138240K, used 38836K [0x00000000d5d00000, 0x00000000de900000, 0x0000000100000000)
  eden space 133120K, 25% used [0x00000000d5d00000,0x00000000d7df2fe8,0x00000000ddf00000)
  from space 5120K, 99% used [0x00000000de400000,0x00000000de8fa220,0x00000000de900000)
  to   space 5120K, 0% used [0x00000000ddf00000,0x00000000ddf00000,0x00000000de400000)
 ParOldGen       total 87552K, used 36422K [0x0000000081600000, 0x0000000086b80000, 0x00000000d5d00000)
  object space 87552K, 41% used [0x0000000081600000,0x0000000083991898,0x0000000086b80000)
 Metaspace       used 11433K, capacity 11598K, committed 11904K, reserved 1060864K
  class space    used 1315K, capacity 1375K, committed 1408K, reserved 1048576K
GC Heap History (10 events):
Event: 3.420 GC heap before
{Heap before GC invocations=2 (full 0):
 PSYoungGen      total 38400K, used 38376K [0x00000000d5d00000, 0x00000000da800000, 0x0000000100000000)
  eden space 33280K, 100% used [0x00000000d5d00000,0x00000000d7d80000,0x00000000d7d80000)
  from space 5120K, 99% used [0x00000000d7d80000,0x00000000d827a220,0x00000000d8280000)
  to   space 5120K, 0% used [0x00000000da300000,0x00000000da300000,0x00000000da800000)
 ParOldGen       total 87552K, used 4396K [0x0000000081600000, 0x0000000086b80000, 0x00000000d5d00000)
  object space 87552K, 5% used [0x0000000081600000,0x0000000081a4b3b0,0x0000000086b80000)
 Metaspace       used 8371K, capacity 8502K, committed 8832K, reserved 1056768K
  class space    used 987K, capacity 1049K, committed 1152K, reserved 1048576K
Event: 3.547 GC heap after
Heap after GC invocations=2 (full 0):
 PSYoungGen      total 71680K, used 5112K [0x00000000d5d00000, 0x00000000da800000, 0x0000000100000000)
  eden space 66560K, 0% used [0x00000000d5d00000,0x00000000d5d00000,0x00000000d9e00000)
  from space 5120K, 99% used [0x00000000da300000,0x00000000da7fe230,0x00000000da800000)
  to   space 5120K, 0% used [0x00000000d9e00000,0x00000000d9e00000,0x00000000da300000)
 ParOldGen       total 87552K, used 14660K [0x0000000081600000, 0x0000000086b80000, 0x00000000d5d00000)
  object space 87552K, 16% used [0x0000000081600000,0x00000000824513b0,0x0000000086b80000)
 Metaspace       used 8371K, capacity 8502K, committed 8832K, reserved 1056768K
  class space    used 987K, capacity 1049K, committed 1152K, reserved 1048576K
}
Event: 4.010 GC heap before
{Heap before GC invocations=3 (full 0):
 PSYoungGen      total 71680K, used 71672K [0x00000000d5d00000, 0x00000000da800000, 0x0000000100000000)
  eden space 66560K, 100% used [0x00000000d5d00000,0x00000000d9e00000,0x00000000d9e00000)
  from space 5120K, 99% used [0x00000000da300000,0x00000000da7fe230,0x00000000da800000)
  to   space 5120K, 0% used [0x00000000d9e00000,0x00000000d9e00000,0x00000000da300000)
 ParOldGen       total 87552K, used 14660K [0x0000000081600000, 0x0000000086b80000, 0x00000000d5d00000)
  object space 87552K, 16% used [0x0000000081600000,0x00000000824513b0,0x0000000086b80000)
 Metaspace       used 8393K, capacity 8566K, committed 8832K, reserved 1056768K
  class space    used 989K, capacity 1049K, committed 1152K, reserved 1048576K
Event: 4.145 GC heap after
Heap after GC invocations=3 (full 0):
 PSYoungGen      total 71680K, used 5112K [0x00000000d5d00000, 0x00000000de900000, 0x0000000100000000)
  eden space 66560K, 0% used [0x00000000d5d00000,0x00000000d5d00000,0x00000000d9e00000)
  from space 5120K, 99% used [0x00000000d9e00000,0x00000000da2fe230,0x00000000da300000)
  to   space 5120K, 0% used [0x00000000de400000,0x00000000de400000,0x00000000de900000)
 ParOldGen       total 87552K, used 35652K [0x0000000081600000, 0x0000000086b80000, 0x00000000d5d00000)
  object space 87552K, 40% used [0x0000000081600000,0x00000000838d13b0,0x0000000086b80000)
 Metaspace       used 8393K, capacity 8566K, committed 8832K, reserved 1056768K
  class space    used 989K, capacity 1049K, committed 1152K, reserved 1048576K
}
Event: 5.944 GC heap before
{Heap before GC invocations=4 (full 0):
 PSYoungGen      total 71680K, used 71672K [0x00000000d5d00000, 0x00000000de900000, 0x0000000100000000)
  eden space 66560K, 100% used [0x00000000d5d00000,0x00000000d9e00000,0x00000000d9e00000)
  from space 5120K, 99% used [0x00000000d9e00000,0x00000000da2fe230,0x00000000da300000)
  to   space 5120K, 0% used [0x00000000de400000,0x00000000de400000,0x00000000de900000)
 ParOldGen       total 87552K, used 35652K [0x0000000081600000, 0x0000000086b80000, 0x00000000d5d00000)
  object space 87552K, 40% used [0x0000000081600000,0x00000000838d13b0,0x0000000086b80000)
 Metaspace       used 10625K, capacity 10762K, committed 11136K, reserved 1058816K
  class space    used 1256K, capacity 1311K, committed 1408K, reserved 1048576K
Event: 5.952 GC heap after
Heap after GC invocations=4 (full 0):
 PSYoungGen      total 138240K, used 4001K [0x00000000d5d00000, 0x00000000de900000, 0x0000000100000000)
  eden space 133120K, 0% used [0x00000000d5d00000,0x00000000d5d00000,0x00000000ddf00000)
  from space 5120K, 78% used [0x00000000de400000,0x00000000de7e8500,0x00000000de900000)
  to   space 5120K, 0% used [0x00000000ddf00000,0x00000000ddf00000,0x00000000de400000)
 ParOldGen       total 87552K, used 35660K [0x0000000081600000, 0x0000000086b80000, 0x00000000d5d00000)
  object space 87552K, 40% used [0x0000000081600000,0x00000000838d33b0,0x0000000086b80000)
 Metaspace       used 10625K, capacity 10762K, committed 11136K, reserved 1058816K
  class space    used 1256K, capacity 1311K, committed 1408K, reserved 1048576K
}
Event: 6.884 GC heap before
{Heap before GC invocations=5 (full 0):
 PSYoungGen      total 138240K, used 137121K [0x00000000d5d00000, 0x00000000de900000, 0x0000000100000000)
  eden space 133120K, 100% used [0x00000000d5d00000,0x00000000ddf00000,0x00000000ddf00000)
  from space 5120K, 78% used [0x00000000de400000,0x00000000de7e8500,0x00000000de900000)
  to   space 5120K, 0% used [0x00000000ddf00000,0x00000000ddf00000,0x00000000de400000)
 ParOldGen       total 87552K, used 35660K [0x0000000081600000, 0x0000000086b80000, 0x00000000d5d00000)
  object space 87552K, 40% used [0x0000000081600000,0x00000000838d33b0,0x0000000086b80000)
 Metaspace       used 11349K, capacity 11470K, committed 11648K, reserved 1058816K
  class space    used 1311K, capacity 1375K, committed 1408K, reserved 1048576K
Event: 6.894 GC heap after
Heap after GC invocations=5 (full 0):
 PSYoungGen      total 138240K, used 5112K [0x00000000d5d00000, 0x00000000de900000, 0x0000000100000000)
  eden space 133120K, 0% used [0x00000000d5d00000,0x00000000d5d00000,0x00000000ddf00000)
  from space 5120K, 99% used [0x00000000ddf00000,0x00000000de3fe230,0x00000000de400000)
  to   space 5120K, 0% used [0x00000000de400000,0x00000000de400000,0x00000000de900000)
 ParOldGen       total 87552K, used 36318K [0x0000000081600000, 0x0000000086b80000, 0x00000000d5d00000)
  object space 87552K, 41% used [0x0000000081600000,0x0000000083977898,0x0000000086b80000)
 Metaspace       used 11349K, capacity 11470K, committed 11648K, reserved 1058816K
  class space    used 1311K, capacity 1375K, committed 1408K, reserved 1048576K
}
Event: 7.126 GC heap before
{Heap before GC invocations=6 (full 0):
 PSYoungGen      total 138240K, used 138232K [0x00000000d5d00000, 0x00000000de900000, 0x0000000100000000)
  eden space 133120K, 100% used [0x00000000d5d00000,0x00000000ddf00000,0x00000000ddf00000)
  from space 5120K, 99% used [0x00000000ddf00000,0x00000000de3fe230,0x00000000de400000)
  to   space 5120K, 0% used [0x00000000de400000,0x00000000de400000,0x00000000de900000)
 ParOldGen       total 87552K, used 36318K [0x0000000081600000, 0x0000000086b80000, 0x00000000d5d00000)
  object space 87552K, 41% used [0x0000000081600000,0x0000000083977898,0x0000000086b80000)
 Metaspace       used 11432K, capacity 11598K, committed 11904K, reserved 1060864K
  class space    used 1315K, capacity 1375K, committed 1408K, reserved 1048576K
Event: 7.184 GC heap after
Heap after GC invocations=6 (full 0):
 PSYoungGen      total 138240K, used 5096K [0x00000000d5d00000, 0x00000000de900000, 0x0000000100000000)
  eden space 133120K, 0% used [0x00000000d5d00000,0x00000000d5d00000,0x00000000ddf00000)
  from space 5120K, 99% used [0x00000000de400000,0x00000000de8fa220,0x00000000de900000)
  to   space 5120K, 0% used [0x00000000ddf00000,0x00000000ddf00000,0x00000000de400000)
 ParOldGen       total 87552K, used 36422K [0x0000000081600000, 0x0000000086b80000, 0x00000000d5d00000)
  object space 87552K, 41% used [0x0000000081600000,0x0000000083991898,0x0000000086b80000)
 Metaspace       used 11432K, capacity 11598K, committed 11904K, reserved 1060864K
  class space    used 1315K, capacity 1375K, committed 1408K, reserved 1048576K
}

