# JRE version: Java(TM) SE Runtime Environment (8.0_201-b09) (build 1.8.0_201-b09)
# Java VM: Java HotSpot(TM) 64-Bit Server VM (25.201-b09 mixed mode linux-amd64 compressed oops)
Heap:
 PSYoungGen      total 1405952K, used 1105471K [0x000000066ab00000, 0x00000006c5680000, 0x00000007c0000000)
  eden space 1321984K, 81% used [0x000000066ab00000,0x00000006ac887c88,0x00000006bb600000)
  from space 83968K, 31% used [0x00000006c0480000,0x00000006c1e88050,0x00000006c5680000)
  to   space 80384K, 0% used [0x00000006bb600000,0x00000006bb600000,0x00000006c0480000)
 ParOldGen       total 342016K, used 287757K [0x00000003c0000000, 0x00000003d4e00000, 0x000000066ab00000)
  object space 342016K, 84% used [0x00000003c0000000,0x00000003d19036c8,0x00000003d4e00000)
 Metaspace       used 15205K, capacity 15290K, committed 15488K, reserved 1062912K
  class space    used 1631K, capacity 1649K, committed 1664K, reserved 1048576K
GC Heap History (10 events):
Event: 55.136 GC heap before
{Heap before GC invocations=14 (full 2):
 PSYoungGen      total 657408K, used 555008K [0x000000066ab00000, 0x00000006a9880000, 0x00000007c0000000)
  eden space 555008K, 100% used [0x000000066ab00000,0x000000068c900000,0x000000068c900000)
  from space 102400K, 0% used [0x000000068c900000,0x000000068c900000,0x0000000692d00000)
  to   space 99840K, 0% used [0x00000006a3700000,0x00000006a3700000,0x00000006a9880000)
 ParOldGen       total 342016K, used 211709K [0x00000003c0000000, 0x00000003d4e00000, 0x000000066ab00000)
  object space 342016K, 61% used [0x00000003c0000000,0x00000003ccebf420,0x00000003d4e00000)
 Metaspace       used 15033K, capacity 15162K, committed 15232K, reserved 1062912K
  class space    used 1624K, capacity 1649K, committed 1664K, reserved 1048576K
Event: 55.230 GC heap after
Heap after GC invocations=14 (full 2):
 PSYoungGen      total 761856K, used 14000K [0x000000066ab00000, 0x00000006a4500000, 0x00000007c0000000)
  eden space 747520K, 0% used [0x000000066ab00000,0x000000066ab00000,0x0000000698500000)
  from space 14336K, 97% used [0x00000006a3700000,0x00000006a44ac050,0x00000006a4500000)
  to   space 97280K, 0% used [0x0000000698700000,0x0000000698700000,0x000000069e600000)
 ParOldGen       total 342016K, used 211709K [0x00000003c0000000, 0x00000003d4e00000, 0x000000066ab00000)
  object space 342016K, 61% used [0x00000003c0000000,0x00000003ccebf420,0x00000003d4e00000)
 Metaspace       used 15033K, capacity 15162K, committed 15232K, reserved 1062912K
  class space    used 1624K, capacity 1649K, committed 1664K, reserved 1048576K
}
Event: 60.172 GC heap before
{Heap before GC invocations=15 (full 2):
 PSYoungGen      total 761856K, used 761520K [0x000000066ab00000, 0x00000006a4500000, 0x00000007c0000000)
  eden space 747520K, 100% used [0x000000066ab00000,0x0000000698500000,0x0000000698500000)
  from space 14336K, 97% used [0x00000006a3700000,0x00000006a44ac050,0x00000006a4500000)
  to   space 97280K, 0% used [0x0000000698700000,0x0000000698700000,0x000000069e600000)
 ParOldGen       total 342016K, used 211709K [0x00000003c0000000, 0x00000003d4e00000, 0x000000066ab00000)
  object space 342016K, 61% used [0x00000003c0000000,0x00000003ccebf420,0x00000003d4e00000)
 Metaspace       used 15101K, capacity 15226K, committed 15488K, reserved 1062912K
  class space    used 1629K, capacity 1649K, committed 1664K, reserved 1048576K
Event: 60.362 GC heap after
Heap after GC invocations=15 (full 2):
 PSYoungGen      total 846848K, used 19669K [0x000000066ab00000, 0x00000006b2a80000, 0x00000007c0000000)
  eden space 749568K, 0% used [0x000000066ab00000,0x000000066ab00000,0x0000000698700000)
  from space 97280K, 20% used [0x0000000698700000,0x0000000699a35710,0x000000069e600000)
  to   space 93696K, 0% used [0x00000006acf00000,0x00000006acf00000,0x00000006b2a80000)
 ParOldGen       total 342016K, used 225105K [0x00000003c0000000, 0x00000003d4e00000, 0x000000066ab00000)
  object space 342016K, 65% used [0x00000003c0000000,0x00000003cdbd4460,0x00000003d4e00000)
 Metaspace       used 15101K, capacity 15226K, committed 15488K, reserved 1062912K
  class space    used 1629K, capacity 1649K, committed 1664K, reserved 1048576K
}
Event: 64.388 GC heap before
{Heap before GC invocations=16 (full 2):
 PSYoungGen      total 846848K, used 769237K [0x000000066ab00000, 0x00000006b2a80000, 0x00000007c0000000)
  eden space 749568K, 100% used [0x000000066ab00000,0x0000000698700000,0x0000000698700000)
  from space 97280K, 20% used [0x0000000698700000,0x0000000699a35710,0x000000069e600000)
  to   space 93696K, 0% used [0x00000006acf00000,0x00000006acf00000,0x00000006b2a80000)
 ParOldGen       total 342016K, used 225105K [0x00000003c0000000, 0x00000003d4e00000, 0x000000066ab00000)
  object space 342016K, 65% used [0x00000003c0000000,0x00000003cdbd4460,0x00000003d4e00000)
 Metaspace       used 15119K, capacity 15226K, committed 15488K, reserved 1062912K
  class space    used 1629K, capacity 1649K, committed 1664K, reserved 1048576K
Event: 64.682 GC heap after
Heap after GC invocations=16 (full 2):
 PSYoungGen      total 1086976K, used 18880K [0x000000066ab00000, 0x00000006b2800000, 0x00000007c0000000)
  eden space 995840K, 0% used [0x000000066ab00000,0x000000066ab00000,0x00000006a7780000)
  from space 91136K, 20% used [0x00000006acf00000,0x00000006ae170030,0x00000006b2800000)
  to   space 89600K, 0% used [0x00000006a7780000,0x00000006a7780000,0x00000006acf00000)
 ParOldGen       total 342016K, used 244734K [0x00000003c0000000, 0x00000003d4e00000, 0x000000066ab00000)
  object space 342016K, 71% used [0x00000003c0000000,0x00000003ceeff868,0x00000003d4e00000)
 Metaspace       used 15119K, capacity 15226K, committed 15488K, reserved 1062912K
  class space    used 1629K, capacity 1649K, committed 1664K, reserved 1048576K
}
Event: 69.775 GC heap before
{Heap before GC invocations=17 (full 2):
 PSYoungGen      total 1086976K, used 1014720K [0x000000066ab00000, 0x00000006b2800000, 0x00000007c0000000)
  eden space 995840K, 100% used [0x000000066ab00000,0x00000006a7780000,0x00000006a7780000)
  from space 91136K, 20% used [0x00000006acf00000,0x00000006ae170030,0x00000006b2800000)
  to   space 89600K, 0% used [0x00000006a7780000,0x00000006a7780000,0x00000006acf00000)
 ParOldGen       total 342016K, used 244734K [0x00000003c0000000, 0x00000003d4e00000, 0x000000066ab00000)
  object space 342016K, 71% used [0x00000003c0000000,0x00000003ceeff868,0x00000003d4e00000)
 Metaspace       used 15149K, capacity 15226K, committed 15488K, reserved 1062912K
  class space    used 1631K, capacity 1649K, committed 1664K, reserved 1048576K
Event: 70.055 GC heap after
Heap after GC invocations=17 (full 2):
 PSYoungGen      total 1085440K, used 24171K [0x000000066ab00000, 0x00000006c5780000, 0x00000007c0000000)
  eden space 995840K, 0% used [0x000000066ab00000,0x000000066ab00000,0x00000006a7780000)
  from space 89600K, 26% used [0x00000006a7780000,0x00000006a8f1ae20,0x00000006acf00000)
  to   space 84992K, 0% used [0x00000006c0480000,0x00000006c0480000,0x00000006c5780000)
 ParOldGen       total 342016K, used 263638K [0x00000003c0000000, 0x00000003d4e00000, 0x000000066ab00000)
  object space 342016K, 77% used [0x00000003c0000000,0x00000003d0175898,0x00000003d4e00000)
 Metaspace       used 15149K, capacity 15226K, committed 15488K, reserved 1062912K
  class space    used 1631K, capacity 1649K, committed 1664K, reserved 1048576K
}
Event: 72.802 GC heap before
{Heap before GC invocations=18 (full 2):
 PSYoungGen      total 1085440K, used 1020011K [0x000000066ab00000, 0x00000006c5780000, 0x00000007c0000000)
  eden space 995840K, 100% used [0x000000066ab00000,0x00000006a7780000,0x00000006a7780000)
  from space 89600K, 26% used [0x00000006a7780000,0x00000006a8f1ae20,0x00000006acf00000)
  to   space 84992K, 0% used [0x00000006c0480000,0x00000006c0480000,0x00000006c5780000)
 ParOldGen       total 342016K, used 263638K [0x00000003c0000000, 0x00000003d4e00000, 0x000000066ab00000)
  object space 342016K, 77% used [0x00000003c0000000,0x00000003d0175898,0x00000003d4e00000)
 Metaspace       used 15174K, capacity 15290K, committed 15488K, reserved 1062912K
  class space    used 1631K, capacity 1649K, committed 1664K, reserved 1048576K
Event: 73.023 GC heap after
Heap after GC invocations=18 (full 2):
 PSYoungGen      total 1405952K, used 26656K [0x000000066ab00000, 0x00000006c5680000, 0x00000007c0000000)
  eden space 1321984K, 0% used [0x000000066ab00000,0x000000066ab00000,0x00000006bb600000)
  from space 83968K, 31% used [0x00000006c0480000,0x00000006c1e88050,0x00000006c5680000)
  to   space 80384K, 0% used [0x00000006bb600000,0x00000006bb600000,0x00000006c0480000)
 ParOldGen       total 342016K, used 287757K [0x00000003c0000000, 0x00000003d4e00000, 0x000000066ab00000)
  object space 342016K, 84% used [0x00000003c0000000,0x00000003d19036c8,0x00000003d4e00000)
 Metaspace       used 15174K, capacity 15290K, committed 15488K, reserved 1062912K
  class space    used 1631K, capacity 1649K, committed 1664K, reserved 1048576K
}

