# JRE version: Java(TM) SE Runtime Environment (8.0_201-b09) (build 1.8.0_201-b09)
# Java VM: Java HotSpot(TM) 64-Bit Server VM (25.201-b09 mixed mode linux-amd64 compressed oops)
Heap:
 PSYoungGen      total 1017344K, used 914492K [0x000000066ab00000, 0x00000006aef80000, 0x00000007c0000000)
  eden space 934400K, 95% used [0x000000066ab00000,0x00000006a1667180,0x00000006a3b80000)
  from space 82944K, 21% used [0x00000006a9e80000,0x00000006ab028030,0x00000006aef80000)
  to   space 92160K, 0% used [0x00000006a3b80000,0x00000006a3b80000,0x00000006a9580000)
 ParOldGen       total 349184K, used 243697K [0x00000003c0000000, 0x00000003d5500000, 0x000000066ab00000)
  object space 349184K, 69% used [0x00000003c0000000,0x00000003cedfc748,0x00000003d5500000)
 Metaspace       used 15130K, capacity 15226K, committed 15488K, reserved 1062912K
  class space    used 1631K, capacity 1649K, committed 1664K, reserved 1048576K
GC Heap History (10 events):
Event: 35.522 GC heap before
{Heap before GC invocations=12 (full 1):
 PSYoungGen      total 587776K, used 587517K [0x000000066ab00000, 0x0000000698800000, 0x00000007c0000000)
  eden space 541696K, 100% used [0x000000066ab00000,0x000000068bc00000,0x000000068bc00000)
  from space 46080K, 99% used [0x0000000695b00000,0x00000006987bf5d8,0x0000000698800000)
  to   space 103936K, 0% used [0x000000068bd00000,0x000000068bd00000,0x0000000692280000)
 ParOldGen       total 237568K, used 155901K [0x00000003c0000000, 0x00000003ce800000, 0x000000066ab00000)
  object space 237568K, 65% used [0x00000003c0000000,0x00000003c983f788,0x00000003ce800000)
 Metaspace       used 14938K, capacity 15034K, committed 15232K, reserved 1062912K
  class space    used 1623K, capacity 1649K, committed 1664K, reserved 1048576K
Event: 35.996 GC heap after
Heap after GC invocations=12 (full 1):
 PSYoungGen      total 646656K, used 13946K [0x000000066ab00000, 0x00000006a7180000, 0x00000007c0000000)
  eden space 542720K, 0% used [0x000000066ab00000,0x000000066ab00000,0x000000068bd00000)
  from space 103936K, 13% used [0x000000068bd00000,0x000000068ca9ebb0,0x0000000692280000)
  to   space 101888K, 0% used [0x00000006a0e00000,0x00000006a0e00000,0x00000006a7180000)
 ParOldGen       total 237568K, used 201386K [0x00000003c0000000, 0x00000003ce800000, 0x000000066ab00000)
  object space 237568K, 84% used [0x00000003c0000000,0x00000003cc4aa848,0x00000003ce800000)
 Metaspace       used 14938K, capacity 15034K, committed 15232K, reserved 1062912K
  class space    used 1623K, capacity 1649K, committed 1664K, reserved 1048576K
}
Event: 35.996 GC heap before
{Heap before GC invocations=13 (full 2):
 PSYoungGen      total 646656K, used 13946K [0x000000066ab00000, 0x00000006a7180000, 0x00000007c0000000)
  eden space 542720K, 0% used [0x000000066ab00000,0x000000066ab00000,0x000000068bd00000)
  from space 103936K, 13% used [0x000000068bd00000,0x000000068ca9ebb0,0x0000000692280000)
  to   space 101888K, 0% used [0x00000006a0e00000,0x00000006a0e00000,0x00000006a7180000)
 ParOldGen       total 237568K, used 201386K [0x00000003c0000000, 0x00000003ce800000, 0x000000066ab00000)
  object space 237568K, 84% used [0x00000003c0000000,0x00000003cc4aa848,0x00000003ce800000)
 Metaspace       used 14938K, capacity 15034K, committed 15232K, reserved 1062912K
  class space    used 1623K, capacity 1649K, committed 1664K, reserved 1048576K
Event: 36.922 GC heap after
Heap after GC invocations=13 (full 2):
 PSYoungGen      total 646656K, used 0K [0x000000066ab00000, 0x00000006a7180000, 0x00000007c0000000)
  eden space 542720K, 0% used [0x000000066ab00000,0x000000066ab00000,0x000000068bd00000)
  from space 103936K, 0% used [0x000000068bd00000,0x000000068bd00000,0x0000000692280000)
  to   space 101888K, 0% used [0x00000006a0e00000,0x00000006a0e00000,0x00000006a7180000)
 ParOldGen       total 349184K, used 211436K [0x00000003c0000000, 0x00000003d5500000, 0x000000066ab00000)
  object space 349184K, 60% used [0x00000003c0000000,0x00000003cce7b310,0x00000003d5500000)
 Metaspace       used 14938K, capacity 15034K, committed 15232K, reserved 1062912K
  class space    used 1623K, capacity 1649K, committed 1664K, reserved 1048576K
}
Event: 40.610 GC heap before
{Heap before GC invocations=14 (full 2):
 PSYoungGen      total 646656K, used 542720K [0x000000066ab00000, 0x00000006a7180000, 0x00000007c0000000)
  eden space 542720K, 100% used [0x000000066ab00000,0x000000068bd00000,0x000000068bd00000)
  from space 103936K, 0% used [0x000000068bd00000,0x000000068bd00000,0x0000000692280000)
  to   space 101888K, 0% used [0x00000006a0e00000,0x00000006a0e00000,0x00000006a7180000)
 ParOldGen       total 349184K, used 211436K [0x00000003c0000000, 0x00000003d5500000, 0x000000066ab00000)
  object space 349184K, 60% used [0x00000003c0000000,0x00000003cce7b310,0x00000003d5500000)
 Metaspace       used 15044K, capacity 15098K, committed 15232K, reserved 1062912K
  class space    used 1628K, capacity 1649K, committed 1664K, reserved 1048576K
Event: 40.710 GC heap after
Heap after GC invocations=14 (full 2):
 PSYoungGen      total 756736K, used 13728K [0x000000066ab00000, 0x00000006a2f00000, 0x00000007c0000000)
  eden space 722944K, 0% used [0x000000066ab00000,0x000000066ab00000,0x0000000696d00000)
  from space 33792K, 40% used [0x00000006a0e00000,0x00000006a1b68060,0x00000006a2f00000)
  to   space 99328K, 0% used [0x0000000696d00000,0x0000000696d00000,0x000000069ce00000)
 ParOldGen       total 349184K, used 211444K [0x00000003c0000000, 0x00000003d5500000, 0x000000066ab00000)
  object space 349184K, 60% used [0x00000003c0000000,0x00000003cce7d310,0x00000003d5500000)
 Metaspace       used 15044K, capacity 15098K, committed 15232K, reserved 1062912K
  class space    used 1628K, capacity 1649K, committed 1664K, reserved 1048576K
}
Event: 45.914 GC heap before
{Heap before GC invocations=15 (full 2):
 PSYoungGen      total 756736K, used 736672K [0x000000066ab00000, 0x00000006a2f00000, 0x00000007c0000000)
  eden space 722944K, 100% used [0x000000066ab00000,0x0000000696d00000,0x0000000696d00000)
  from space 33792K, 40% used [0x00000006a0e00000,0x00000006a1b68060,0x00000006a2f00000)
  to   space 99328K, 0% used [0x0000000696d00000,0x0000000696d00000,0x000000069ce00000)
 ParOldGen       total 349184K, used 211444K [0x00000003c0000000, 0x00000003d5500000, 0x000000066ab00000)
  object space 349184K, 60% used [0x00000003c0000000,0x00000003cce7d310,0x00000003d5500000)
 Metaspace       used 15081K, capacity 15162K, committed 15232K, reserved 1062912K
  class space    used 1629K, capacity 1649K, committed 1664K, reserved 1048576K
Event: 46.008 GC heap after
Heap after GC invocations=15 (full 2):
 PSYoungGen      total 822272K, used 19189K [0x000000066ab00000, 0x00000006afc00000, 0x00000007c0000000)
  eden space 722944K, 0% used [0x000000066ab00000,0x000000066ab00000,0x0000000696d00000)
  from space 99328K, 19% used [0x0000000696d00000,0x0000000697fbd730,0x000000069ce00000)
  to   space 95744K, 0% used [0x00000006a9e80000,0x00000006a9e80000,0x00000006afc00000)
 ParOldGen       total 349184K, used 224580K [0x00000003c0000000, 0x00000003d5500000, 0x000000066ab00000)
  object space 349184K, 64% used [0x00000003c0000000,0x00000003cdb51340,0x00000003d5500000)
 Metaspace       used 15081K, capacity 15162K, committed 15232K, reserved 1062912K
  class space    used 1629K, capacity 1649K, committed 1664K, reserved 1048576K
}
Event: 49.637 GC heap before
{Heap before GC invocations=16 (full 2):
 PSYoungGen      total 822272K, used 742133K [0x000000066ab00000, 0x00000006afc00000, 0x00000007c0000000)
  eden space 722944K, 100% used [0x000000066ab00000,0x0000000696d00000,0x0000000696d00000)
  from space 99328K, 19% used [0x0000000696d00000,0x0000000697fbd730,0x000000069ce00000)
  to   space 95744K, 0% used [0x00000006a9e80000,0x00000006a9e80000,0x00000006afc00000)
 ParOldGen       total 349184K, used 224580K [0x00000003c0000000, 0x00000003d5500000, 0x000000066ab00000)
  object space 349184K, 64% used [0x00000003c0000000,0x00000003cdb51340,0x00000003d5500000)
 Metaspace       used 15094K, capacity 15162K, committed 15232K, reserved 1062912K
  class space    used 1629K, capacity 1649K, committed 1664K, reserved 1048576K
Event: 49.822 GC heap after
Heap after GC invocations=16 (full 2):
 PSYoungGen      total 1017344K, used 18080K [0x000000066ab00000, 0x00000006aef80000, 0x00000007c0000000)
  eden space 934400K, 0% used [0x000000066ab00000,0x000000066ab00000,0x00000006a3b80000)
  from space 82944K, 21% used [0x00000006a9e80000,0x00000006ab028030,0x00000006aef80000)
  to   space 92160K, 0% used [0x00000006a3b80000,0x00000006a3b80000,0x00000006a9580000)
 ParOldGen       total 349184K, used 243697K [0x00000003c0000000, 0x00000003d5500000, 0x000000066ab00000)
  object space 349184K, 69% used [0x00000003c0000000,0x00000003cedfc748,0x00000003d5500000)
 Metaspace       used 15094K, capacity 15162K, committed 15232K, reserved 1062912K
  class space    used 1629K, capacity 1649K, committed 1664K, reserved 1048576K
}

