# JRE version: Java(TM) SE Runtime Environment (8.0_201-b09) (build 1.8.0_201-b09)
# Java VM: Java HotSpot(TM) 64-Bit Server VM (25.201-b09 mixed mode linux-amd64 compressed oops)
Heap:
 PSYoungGen      total 750080K, used 616951K [0x0000000780c00000, 0x00000007c0000000, 0x00000007c0000000)
  eden space 680960K, 90% used [0x0000000780c00000,0x00000007a667dfd8,0x00000007aa500000)
  from space 69120K, 0% used [0x00000007bbc80000,0x00000007bbc80000,0x00000007c0000000)
  to   space 177664K, 0% used [0x00000007aa500000,0x00000007aa5a0000,0x00000007b5280000)
 ParOldGen       total 1981952K, used 1639836K [0x0000000702400000, 0x000000077b380000, 0x0000000780c00000)
  object space 1981952K, 82% used [0x0000000702400000,0x00000007665670f0,0x000000077b380000)
 Metaspace       used 15957K, capacity 16084K, committed 16256K, reserved 1062912K
  class space    used 1756K, capacity 1822K, committed 1920K, reserved 1048576K
GC Heap History (10 events):
Event: 193.151 GC heap after
Heap after GC invocations=33 (full 6):
 PSYoungGen      total 957440K, used 0K [0x0000000780c00000, 0x00000007c0000000, 0x00000007c0000000)
  eden space 885760K, 0% used [0x0000000780c00000,0x0000000780c00000,0x00000007b6d00000)
  from space 71680K, 0% used [0x00000007b6d00000,0x00000007b6d00000,0x00000007bb300000)
  to   space 70144K, 0% used [0x00000007bbb80000,0x00000007bbb80000,0x00000007c0000000)
 ParOldGen       total 899072K, used 672207K [0x0000000702400000, 0x0000000739200000, 0x0000000780c00000)
  object space 899072K, 74% used [0x0000000702400000,0x000000072b473c50,0x0000000739200000)
 Metaspace       used 14700K, capacity 14878K, committed 15104K, reserved 1062912K
  class space    used 1613K, capacity 1699K, committed 1792K, reserved 1048576K
}
Event: 195.594 GC heap before
{Heap before GC invocations=34 (full 6):
 PSYoungGen      total 957440K, used 885760K [0x0000000780c00000, 0x00000007c0000000, 0x00000007c0000000)
  eden space 885760K, 100% used [0x0000000780c00000,0x00000007b6d00000,0x00000007b6d00000)
  from space 71680K, 0% used [0x00000007b6d00000,0x00000007b6d00000,0x00000007bb300000)
  to   space 70144K, 0% used [0x00000007bbb80000,0x00000007bbb80000,0x00000007c0000000)
 ParOldGen       total 899072K, used 672207K [0x0000000702400000, 0x0000000739200000, 0x0000000780c00000)
  object space 899072K, 74% used [0x0000000702400000,0x000000072b473c50,0x0000000739200000)
 Metaspace       used 14705K, capacity 14878K, committed 15104K, reserved 1062912K
  class space    used 1613K, capacity 1699K, committed 1792K, reserved 1048576K
Event: 195.647 GC heap after
Heap after GC invocations=34 (full 6):
 PSYoungGen      total 957952K, used 30560K [0x0000000780c00000, 0x00000007bf980000, 0x00000007c0000000)
  eden space 894464K, 0% used [0x0000000780c00000,0x0000000780c00000,0x00000007b7580000)
  from space 63488K, 48% used [0x00000007bbb80000,0x00000007bd958030,0x00000007bf980000)
  to   space 67584K, 0% used [0x00000007b7580000,0x00000007b7580000,0x00000007bb780000)
 ParOldGen       total 899072K, used 672207K [0x0000000702400000, 0x0000000739200000, 0x0000000780c00000)
  object space 899072K, 74% used [0x0000000702400000,0x000000072b473c50,0x0000000739200000)
 Metaspace       used 14705K, capacity 14878K, committed 15104K, reserved 1062912K
  class space    used 1613K, capacity 1699K, committed 1792K, reserved 1048576K
}
Event: 198.210 GC heap before
{Heap before GC invocations=35 (full 6):
 PSYoungGen      total 957952K, used 925024K [0x0000000780c00000, 0x00000007bf980000, 0x00000007c0000000)
  eden space 894464K, 100% used [0x0000000780c00000,0x00000007b7580000,0x00000007b7580000)
  from space 63488K, 48% used [0x00000007bbb80000,0x00000007bd958030,0x00000007bf980000)
  to   space 67584K, 0% used [0x00000007b7580000,0x00000007b7580000,0x00000007bb780000)
 ParOldGen       total 899072K, used 672207K [0x0000000702400000, 0x0000000739200000, 0x0000000780c00000)
  object space 899072K, 74% used [0x0000000702400000,0x000000072b473c50,0x0000000739200000)
 Metaspace       used 14746K, capacity 14942K, committed 15104K, reserved 1062912K
  class space    used 1615K, capacity 1699K, committed 1792K, reserved 1048576K
Event: 198.291 GC heap after
Heap after GC invocations=35 (full 6):
 PSYoungGen      total 962048K, used 48914K [0x0000000780c00000, 0x00000007c0000000, 0x00000007c0000000)
  eden space 894464K, 0% used [0x0000000780c00000,0x0000000780c00000,0x00000007b7580000)
  from space 67584K, 72% used [0x00000007b7580000,0x00000007ba5449b0,0x00000007bb780000)
  to   space 69120K, 0% used [0x00000007bbc80000,0x00000007bbc80000,0x00000007c0000000)
 ParOldGen       total 899072K, used 672207K [0x0000000702400000, 0x0000000739200000, 0x0000000780c00000)
  object space 899072K, 74% used [0x0000000702400000,0x000000072b473c50,0x0000000739200000)
 Metaspace       used 14746K, capacity 14942K, committed 15104K, reserved 1062912K
  class space    used 1615K, capacity 1699K, committed 1792K, reserved 1048576K
}
Event: 2804.134 GC heap before
{Heap before GC invocations=36 (full 6):
 PSYoungGen      total 962048K, used 823678K [0x0000000780c00000, 0x00000007c0000000, 0x00000007c0000000)
  eden space 894464K, 86% used [0x0000000780c00000,0x00000007b009af18,0x00000007b7580000)
  from space 67584K, 72% used [0x00000007b7580000,0x00000007ba5449b0,0x00000007bb780000)
  to   space 69120K, 0% used [0x00000007bbc80000,0x00000007bbc80000,0x00000007c0000000)
 ParOldGen       total 899072K, used 672207K [0x0000000702400000, 0x0000000739200000, 0x0000000780c00000)
  object space 899072K, 74% used [0x0000000702400000,0x000000072b473c50,0x0000000739200000)
 Metaspace       used 15963K, capacity 16094K, committed 16256K, reserved 1062912K
  class space    used 1758K, capacity 1827K, committed 1920K, reserved 1048576K
Event: 2805.196 GC heap after
Heap after GC invocations=36 (full 6):
 PSYoungGen      total 750080K, used 69088K [0x0000000780c00000, 0x00000007c0000000, 0x00000007c0000000)
  eden space 680960K, 0% used [0x0000000780c00000,0x0000000780c00000,0x00000007aa500000)
  from space 69120K, 99% used [0x00000007bbc80000,0x00000007bfff8040,0x00000007c0000000)
  to   space 177664K, 0% used [0x00000007aa500000,0x00000007aa500000,0x00000007b5280000)
 ParOldGen       total 944128K, used 942613K [0x0000000702400000, 0x000000073be00000, 0x0000000780c00000)
  object space 944128K, 99% used [0x0000000702400000,0x000000073bc85620,0x000000073be00000)
 Metaspace       used 15963K, capacity 16094K, committed 16256K, reserved 1062912K
  class space    used 1758K, capacity 1827K, committed 1920K, reserved 1048576K
}
Event: 2805.196 GC heap before
{Heap before GC invocations=37 (full 7):
 PSYoungGen      total 750080K, used 69088K [0x0000000780c00000, 0x00000007c0000000, 0x00000007c0000000)
  eden space 680960K, 0% used [0x0000000780c00000,0x0000000780c00000,0x00000007aa500000)
  from space 69120K, 99% used [0x00000007bbc80000,0x00000007bfff8040,0x00000007c0000000)
  to   space 177664K, 0% used [0x00000007aa500000,0x00000007aa500000,0x00000007b5280000)
 ParOldGen       total 944128K, used 942613K [0x0000000702400000, 0x000000073be00000, 0x0000000780c00000)
  object space 944128K, 99% used [0x0000000702400000,0x000000073bc85620,0x000000073be00000)
 Metaspace       used 15963K, capacity 16094K, committed 16256K, reserved 1062912K
  class space    used 1758K, capacity 1827K, committed 1920K, reserved 1048576K
Event: 2806.814 GC heap after
Heap after GC invocations=37 (full 7):
 PSYoungGen      total 750080K, used 0K [0x0000000780c00000, 0x00000007c0000000, 0x00000007c0000000)
  eden space 680960K, 0% used [0x0000000780c00000,0x0000000780c00000,0x00000007aa500000)
  from space 69120K, 0% used [0x00000007bbc80000,0x00000007bbc80000,0x00000007c0000000)
  to   space 177664K, 0% used [0x00000007aa500000,0x00000007aa500000,0x00000007b5280000)
 ParOldGen       total 1194496K, used 853404K [0x0000000702400000, 0x000000074b280000, 0x0000000780c00000)
  object space 1194496K, 71% used [0x0000000702400000,0x00000007365670d0,0x000000074b280000)
 Metaspace       used 15957K, capacity 16084K, committed 16256K, reserved 1062912K
  class space    used 1756K, capacity 1822K, committed 1920K, reserved 1048576K
}
Event: 2807.598 GC heap before
{Heap before GC invocations=38 (full 7):
 PSYoungGen      total 750080K, used 616951K [0x0000000780c00000, 0x00000007c0000000, 0x00000007c0000000)
  eden space 680960K, 90% used [0x0000000780c00000,0x00000007a667dfd8,0x00000007aa500000)
  from space 69120K, 0% used [0x00000007bbc80000,0x00000007bbc80000,0x00000007c0000000)
  to   space 177664K, 0% used [0x00000007aa500000,0x00000007aa500000,0x00000007b5280000)
 ParOldGen       total 1194496K, used 853404K [0x0000000702400000, 0x000000074b280000, 0x0000000780c00000)
  object space 1194496K, 71% used [0x0000000702400000,0x00000007365670d0,0x000000074b280000)
 Metaspace       used 15957K, capacity 16084K, committed 16256K, reserved 1062912K
  class space    used 1756K, capacity 1822K, committed 1920K, reserved 1048576K

