# JRE version: Java(TM) SE Runtime Environment (8.0_201-b09) (build 1.8.0_201-b09)
# Java VM: Java HotSpot(TM) 64-Bit Server VM (25.201-b09 mixed mode linux-amd64 compressed oops)
Heap:
 PSYoungGen      total 2788864K, used 2765440K [0x000000066ab00000, 0x0000000721580000, 0x00000007c0000000)
  eden space 2717184K, 100% used [0x000000066ab00000,0x0000000710880000,0x0000000710880000)
  from space 71680K, 67% used [0x0000000715080000,0x0000000717fa0000,0x0000000719680000)
  to   space 73728K, 99% used [0x0000000710880000,0x000000071507d098,0x0000000715080000)
 ParOldGen       total 494592K, used 485213K [0x00000003c0000000, 0x00000003de300000, 0x000000066ab00000)
  object space 494592K, 98% used [0x00000003c0000000,0x00000003dd9d7450,0x00000003de300000)
 Metaspace       used 15465K, capacity 15562K, committed 15744K, reserved 1062912K
  class space    used 1634K, capacity 1649K, committed 1664K, reserved 1048576K
GC Heap History (10 events):
Event: 65.423 GC heap after
Heap after GC invocations=19 (full 2):
 PSYoungGen      total 1951744K, used 46087K [0x000000066ab00000, 0x00000006fb900000, 0x00000007c0000000)
  eden space 1894400K, 0% used [0x000000066ab00000,0x000000066ab00000,0x00000006de500000)
  from space 57344K, 80% used [0x00000006de500000,0x00000006e1201ef8,0x00000006e1d00000)
  to   space 61440K, 0% used [0x00000006f7d00000,0x00000006f7d00000,0x00000006fb900000)
 ParOldGen       total 344576K, used 263033K [0x00000003c0000000, 0x00000003d5080000, 0x000000066ab00000)
  object space 344576K, 76% used [0x00000003c0000000,0x00000003d00de560,0x00000003d5080000)
 Metaspace       used 15210K, capacity 15306K, committed 15488K, reserved 1062912K
  class space    used 1628K, capacity 1649K, committed 1664K, reserved 1048576K
}
Event: 69.949 GC heap before
{Heap before GC invocations=20 (full 2):
 PSYoungGen      total 1951744K, used 1940487K [0x000000066ab00000, 0x00000006fb900000, 0x00000007c0000000)
  eden space 1894400K, 100% used [0x000000066ab00000,0x00000006de500000,0x00000006de500000)
  from space 57344K, 80% used [0x00000006de500000,0x00000006e1201ef8,0x00000006e1d00000)
  to   space 61440K, 0% used [0x00000006f7d00000,0x00000006f7d00000,0x00000006fb900000)
 ParOldGen       total 344576K, used 263033K [0x00000003c0000000, 0x00000003d5080000, 0x000000066ab00000)
  object space 344576K, 76% used [0x00000003c0000000,0x00000003d00de560,0x00000003d5080000)
 Metaspace       used 15218K, capacity 15306K, committed 15488K, reserved 1062912K
  class space    used 1630K, capacity 1649K, committed 1664K, reserved 1048576K
Event: 70.287 GC heap after
Heap after GC invocations=20 (full 2):
 PSYoungGen      total 2307072K, used 50688K [0x000000066ab00000, 0x0000000704100000, 0x00000007c0000000)
  eden space 2245632K, 0% used [0x000000066ab00000,0x000000066ab00000,0x00000006f3c00000)
  from space 61440K, 82% used [0x00000006f7d00000,0x00000006fae80050,0x00000006fb900000)
  to   space 66560K, 0% used [0x00000006f3c00000,0x00000006f3c00000,0x00000006f7d00000)
 ParOldGen       total 344576K, used 309197K [0x00000003c0000000, 0x00000003d5080000, 0x000000066ab00000)
  object space 344576K, 89% used [0x00000003c0000000,0x00000003d2df3538,0x00000003d5080000)
 Metaspace       used 15218K, capacity 15306K, committed 15488K, reserved 1062912K
  class space    used 1630K, capacity 1649K, committed 1664K, reserved 1048576K
}
Event: 70.287 GC heap before
{Heap before GC invocations=21 (full 3):
 PSYoungGen      total 2307072K, used 50688K [0x000000066ab00000, 0x0000000704100000, 0x00000007c0000000)
  eden space 2245632K, 0% used [0x000000066ab00000,0x000000066ab00000,0x00000006f3c00000)
  from space 61440K, 82% used [0x00000006f7d00000,0x00000006fae80050,0x00000006fb900000)
  to   space 66560K, 0% used [0x00000006f3c00000,0x00000006f3c00000,0x00000006f7d00000)
 ParOldGen       total 344576K, used 309197K [0x00000003c0000000, 0x00000003d5080000, 0x000000066ab00000)
  object space 344576K, 89% used [0x00000003c0000000,0x00000003d2df3538,0x00000003d5080000)
 Metaspace       used 15218K, capacity 15306K, committed 15488K, reserved 1062912K
  class space    used 1630K, capacity 1649K, committed 1664K, reserved 1048576K
Event: 71.579 GC heap after
Heap after GC invocations=21 (full 3):
 PSYoungGen      total 2307072K, used 8600K [0x000000066ab00000, 0x0000000704100000, 0x00000007c0000000)
  eden space 2245632K, 0% used [0x000000066ab00000,0x000000066ab00000,0x00000006f3c00000)
  from space 61440K, 13% used [0x00000006f7d00000,0x00000006f85663c8,0x00000006fb900000)
  to   space 66560K, 0% used [0x00000006f3c00000,0x00000006f3c00000,0x00000006f7d00000)
 ParOldGen       total 494592K, used 344432K [0x00000003c0000000, 0x00000003de300000, 0x000000066ab00000)
  object space 494592K, 69% used [0x00000003c0000000,0x00000003d505c290,0x00000003de300000)
 Metaspace       used 15218K, capacity 15306K, committed 15488K, reserved 1062912K
  class space    used 1630K, capacity 1649K, committed 1664K, reserved 1048576K
}
Event: 77.806 GC heap before
{Heap before GC invocations=22 (full 3):
 PSYoungGen      total 2307072K, used 2254232K [0x000000066ab00000, 0x0000000704100000, 0x00000007c0000000)
  eden space 2245632K, 100% used [0x000000066ab00000,0x00000006f3c00000,0x00000006f3c00000)
  from space 61440K, 13% used [0x00000006f7d00000,0x00000006f85663c8,0x00000006fb900000)
  to   space 66560K, 0% used [0x00000006f3c00000,0x00000006f3c00000,0x00000006f7d00000)
 ParOldGen       total 494592K, used 344432K [0x00000003c0000000, 0x00000003de300000, 0x000000066ab00000)
  object space 494592K, 69% used [0x00000003c0000000,0x00000003d505c290,0x00000003de300000)
 Metaspace       used 15245K, capacity 15370K, committed 15488K, reserved 1062912K
  class space    used 1631K, capacity 1649K, committed 1664K, reserved 1048576K
Event: 78.219 GC heap after
Heap after GC invocations=22 (full 3):
 PSYoungGen      total 2312192K, used 54336K [0x000000066ab00000, 0x0000000719680000, 0x00000007c0000000)
  eden space 2245632K, 0% used [0x000000066ab00000,0x000000066ab00000,0x00000006f3c00000)
  from space 66560K, 81% used [0x00000006f3c00000,0x00000006f7110080,0x00000006f7d00000)
  to   space 71680K, 0% used [0x0000000715080000,0x0000000715080000,0x0000000719680000)
 ParOldGen       total 494592K, used 353088K [0x00000003c0000000, 0x00000003de300000, 0x000000066ab00000)
  object space 494592K, 71% used [0x00000003c0000000,0x00000003d58d0290,0x00000003de300000)
 Metaspace       used 15245K, capacity 15370K, committed 15488K, reserved 1062912K
  class space    used 1631K, capacity 1649K, committed 1664K, reserved 1048576K
}
Event: 82.754 GC heap before
{Heap before GC invocations=23 (full 3):
 PSYoungGen      total 2312192K, used 2299968K [0x000000066ab00000, 0x0000000719680000, 0x00000007c0000000)
  eden space 2245632K, 100% used [0x000000066ab00000,0x00000006f3c00000,0x00000006f3c00000)
  from space 66560K, 81% used [0x00000006f3c00000,0x00000006f7110080,0x00000006f7d00000)
  to   space 71680K, 0% used [0x0000000715080000,0x0000000715080000,0x0000000719680000)
 ParOldGen       total 494592K, used 353088K [0x00000003c0000000, 0x00000003de300000, 0x000000066ab00000)
  object space 494592K, 71% used [0x00000003c0000000,0x00000003d58d0290,0x00000003de300000)
 Metaspace       used 15254K, capacity 15370K, committed 15488K, reserved 1062912K
  class space    used 1631K, capacity 1649K, committed 1664K, reserved 1048576K
Event: 84.021 GC heap after
Heap after GC invocations=23 (full 3):
 PSYoungGen      total 2788864K, used 48256K [0x000000066ab00000, 0x0000000721580000, 0x00000007c0000000)
  eden space 2717184K, 0% used [0x000000066ab00000,0x000000066ab00000,0x0000000710880000)
  from space 71680K, 67% used [0x0000000715080000,0x0000000717fa0000,0x0000000719680000)
  to   space 73728K, 0% used [0x0000000710880000,0x0000000710880000,0x0000000715080000)
 ParOldGen       total 494592K, used 407568K [0x00000003c0000000, 0x00000003de300000, 0x000000066ab00000)
  object space 494592K, 82% used [0x00000003c0000000,0x00000003d8e04390,0x00000003de300000)
 Metaspace       used 15254K, capacity 15370K, committed 15488K, reserved 1062912K
  class space    used 1631K, capacity 1649K, committed 1664K, reserved 1048576K
}
Event: 117.337 GC heap before
{Heap before GC invocations=24 (full 3):
 PSYoungGen      total 2788864K, used 2765440K [0x000000066ab00000, 0x0000000721580000, 0x00000007c0000000)
  eden space 2717184K, 100% used [0x000000066ab00000,0x0000000710880000,0x0000000710880000)
  from space 71680K, 67% used [0x0000000715080000,0x0000000717fa0000,0x0000000719680000)
  to   space 73728K, 0% used [0x0000000710880000,0x0000000710880000,0x0000000715080000)
 ParOldGen       total 494592K, used 407568K [0x00000003c0000000, 0x00000003de300000, 0x000000066ab00000)
  object space 494592K, 82% used [0x00000003c0000000,0x00000003d8e04390,0x00000003de300000)
 Metaspace       used 15465K, capacity 15562K, committed 15744K, reserved 1062912K
  class space    used 1634K, capacity 1649K, committed 1664K, reserved 1048576K

