# JRE version: Java(TM) SE Runtime Environment (8.0_201-b09) (build 1.8.0_201-b09)
# Java VM: Java HotSpot(TM) 64-Bit Server VM (25.201-b09 mixed mode linux-amd64 compressed oops)
Heap:
 PSYoungGen      total 948224K, used 869376K [0x0000000780c00000, 0x00000007bff00000, 0x00000007c0000000)
  eden space 869376K, 100% used [0x0000000780c00000,0x00000007b5d00000,0x00000007b5d00000)
  from space 78848K, 0% used [0x00000007b5d00000,0x00000007b5d00000,0x00000007baa00000)
  to   space 75776K, 47% used [0x00000007bb500000,0x00000007bd830050,0x00000007bff00000)
 ParOldGen       total 437248K, used 300275K [0x0000000702400000, 0x000000071cf00000, 0x0000000780c00000)
  object space 437248K, 68% used [0x0000000702400000,0x000000071493cc70,0x000000071cf00000)
 Metaspace       used 14581K, capacity 14750K, committed 14848K, reserved 1062912K
  class space    used 1613K, capacity 1699K, committed 1792K, reserved 1048576K
GC Heap History (10 events):
Event: 180.246 GC heap after
Heap after GC invocations=14 (full 2):
 PSYoungGen      total 850432K, used 14752K [0x0000000780c00000, 0x00000007bcd80000, 0x00000007c0000000)
  eden space 816640K, 0% used [0x0000000780c00000,0x0000000780c00000,0x00000007b2980000)
  from space 33792K, 43% used [0x00000007bac80000,0x00000007bbae80a0,0x00000007bcd80000)
  to   space 83968K, 0% used [0x00000007b2980000,0x00000007b2980000,0x00000007b7b80000)
 ParOldGen       total 323072K, used 210182K [0x0000000702400000, 0x0000000715f80000, 0x0000000780c00000)
  object space 323072K, 65% used [0x0000000702400000,0x000000070f141a40,0x0000000715f80000)
 Metaspace       used 14483K, capacity 14686K, committed 14848K, reserved 1062912K
  class space    used 1612K, capacity 1699K, committed 1792K, reserved 1048576K
}
Event: 185.841 GC heap before
{Heap before GC invocations=15 (full 2):
 PSYoungGen      total 850432K, used 831392K [0x0000000780c00000, 0x00000007bcd80000, 0x00000007c0000000)
  eden space 816640K, 100% used [0x0000000780c00000,0x00000007b2980000,0x00000007b2980000)
  from space 33792K, 43% used [0x00000007bac80000,0x00000007bbae80a0,0x00000007bcd80000)
  to   space 83968K, 0% used [0x00000007b2980000,0x00000007b2980000,0x00000007b7b80000)
 ParOldGen       total 323072K, used 210182K [0x0000000702400000, 0x0000000715f80000, 0x0000000780c00000)
  object space 323072K, 65% used [0x0000000702400000,0x000000070f141a40,0x0000000715f80000)
 Metaspace       used 14548K, capacity 14750K, committed 14848K, reserved 1062912K
  class space    used 1612K, capacity 1699K, committed 1792K, reserved 1048576K
Event: 186.160 GC heap after
Heap after GC invocations=15 (full 2):
 PSYoungGen      total 900608K, used 44102K [0x0000000780c00000, 0x00000007c0000000, 0x00000007c0000000)
  eden space 816640K, 0% used [0x0000000780c00000,0x0000000780c00000,0x00000007b2980000)
  from space 83968K, 52% used [0x00000007b2980000,0x00000007b54919e0,0x00000007b7b80000)
  to   space 82944K, 0% used [0x00000007baf00000,0x00000007baf00000,0x00000007c0000000)
 ParOldGen       total 323072K, used 223830K [0x0000000702400000, 0x0000000715f80000, 0x0000000780c00000)
  object space 323072K, 69% used [0x0000000702400000,0x000000070fe95ad0,0x0000000715f80000)
 Metaspace       used 14548K, capacity 14750K, committed 14848K, reserved 1062912K
  class space    used 1612K, capacity 1699K, committed 1792K, reserved 1048576K
}
Event: 190.413 GC heap before
{Heap before GC invocations=16 (full 2):
 PSYoungGen      total 900608K, used 860742K [0x0000000780c00000, 0x00000007c0000000, 0x00000007c0000000)
  eden space 816640K, 100% used [0x0000000780c00000,0x00000007b2980000,0x00000007b2980000)
  from space 83968K, 52% used [0x00000007b2980000,0x00000007b54919e0,0x00000007b7b80000)
  to   space 82944K, 0% used [0x00000007baf00000,0x00000007baf00000,0x00000007c0000000)
 ParOldGen       total 323072K, used 223830K [0x0000000702400000, 0x0000000715f80000, 0x0000000780c00000)
  object space 323072K, 69% used [0x0000000702400000,0x000000070fe95ad0,0x0000000715f80000)
 Metaspace       used 14564K, capacity 14750K, committed 14848K, reserved 1062912K
  class space    used 1612K, capacity 1699K, committed 1792K, reserved 1048576K
Event: 190.790 GC heap after
Heap after GC invocations=16 (full 2):
 PSYoungGen      total 943104K, used 29984K [0x0000000780c00000, 0x00000007bf700000, 0x00000007c0000000)
  eden space 869376K, 0% used [0x0000000780c00000,0x0000000780c00000,0x00000007b5d00000)
  from space 73728K, 40% used [0x00000007baf00000,0x00000007bcc48050,0x00000007bf700000)
  to   space 78848K, 0% used [0x00000007b5d00000,0x00000007b5d00000,0x00000007baa00000)
 ParOldGen       total 323072K, used 268185K [0x0000000702400000, 0x0000000715f80000, 0x0000000780c00000)
  object space 323072K, 83% used [0x0000000702400000,0x00000007129e6590,0x0000000715f80000)
 Metaspace       used 14564K, capacity 14750K, committed 14848K, reserved 1062912K
  class space    used 1612K, capacity 1699K, committed 1792K, reserved 1048576K
}
Event: 194.571 GC heap before
{Heap before GC invocations=17 (full 2):
 PSYoungGen      total 943104K, used 899360K [0x0000000780c00000, 0x00000007bf700000, 0x00000007c0000000)
  eden space 869376K, 100% used [0x0000000780c00000,0x00000007b5d00000,0x00000007b5d00000)
  from space 73728K, 40% used [0x00000007baf00000,0x00000007bcc48050,0x00000007bf700000)
  to   space 78848K, 0% used [0x00000007b5d00000,0x00000007b5d00000,0x00000007baa00000)
 ParOldGen       total 323072K, used 268185K [0x0000000702400000, 0x0000000715f80000, 0x0000000780c00000)
  object space 323072K, 83% used [0x0000000702400000,0x00000007129e6590,0x0000000715f80000)
 Metaspace       used 14575K, capacity 14750K, committed 14848K, reserved 1062912K
  class space    used 1612K, capacity 1699K, committed 1792K, reserved 1048576K
Event: 194.823 GC heap after
Heap after GC invocations=17 (full 2):
 PSYoungGen      total 948224K, used 23980K [0x0000000780c00000, 0x00000007bff00000, 0x00000007c0000000)
  eden space 869376K, 0% used [0x0000000780c00000,0x0000000780c00000,0x00000007b5d00000)
  from space 78848K, 30% used [0x00000007b5d00000,0x00000007b746b398,0x00000007baa00000)
  to   space 75776K, 0% used [0x00000007bb500000,0x00000007bb500000,0x00000007bff00000)
 ParOldGen       total 323072K, used 298009K [0x0000000702400000, 0x0000000715f80000, 0x0000000780c00000)
  object space 323072K, 92% used [0x0000000702400000,0x0000000714706610,0x0000000715f80000)
 Metaspace       used 14575K, capacity 14750K, committed 14848K, reserved 1062912K
  class space    used 1612K, capacity 1699K, committed 1792K, reserved 1048576K
}
Event: 194.823 GC heap before
{Heap before GC invocations=18 (full 3):
 PSYoungGen      total 948224K, used 23980K [0x0000000780c00000, 0x00000007bff00000, 0x00000007c0000000)
  eden space 869376K, 0% used [0x0000000780c00000,0x0000000780c00000,0x00000007b5d00000)
  from space 78848K, 30% used [0x00000007b5d00000,0x00000007b746b398,0x00000007baa00000)
  to   space 75776K, 0% used [0x00000007bb500000,0x00000007bb500000,0x00000007bff00000)
 ParOldGen       total 323072K, used 298009K [0x0000000702400000, 0x0000000715f80000, 0x0000000780c00000)
  object space 323072K, 92% used [0x0000000702400000,0x0000000714706610,0x0000000715f80000)
 Metaspace       used 14575K, capacity 14750K, committed 14848K, reserved 1062912K
  class space    used 1612K, capacity 1699K, committed 1792K, reserved 1048576K
Event: 196.640 GC heap after
Heap after GC invocations=18 (full 3):
 PSYoungGen      total 948224K, used 0K [0x0000000780c00000, 0x00000007bff00000, 0x00000007c0000000)
  eden space 869376K, 0% used [0x0000000780c00000,0x0000000780c00000,0x00000007b5d00000)
  from space 78848K, 0% used [0x00000007b5d00000,0x00000007b5d00000,0x00000007baa00000)
  to   space 75776K, 0% used [0x00000007bb500000,0x00000007bb500000,0x00000007bff00000)
 ParOldGen       total 437248K, used 300275K [0x0000000702400000, 0x000000071cf00000, 0x0000000780c00000)
  object space 437248K, 68% used [0x0000000702400000,0x000000071493cc70,0x000000071cf00000)
 Metaspace       used 14575K, capacity 14750K, committed 14848K, reserved 1062912K
  class space    used 1612K, capacity 1699K, committed 1792K, reserved 1048576K
}
Event: 200.895 GC heap before
{Heap before GC invocations=19 (full 3):
 PSYoungGen      total 948224K, used 869376K [0x0000000780c00000, 0x00000007bff00000, 0x00000007c0000000)
  eden space 869376K, 100% used [0x0000000780c00000,0x00000007b5d00000,0x00000007b5d00000)
  from space 78848K, 0% used [0x00000007b5d00000,0x00000007b5d00000,0x00000007baa00000)
  to   space 75776K, 0% used [0x00000007bb500000,0x00000007bb500000,0x00000007bff00000)
 ParOldGen       total 437248K, used 300275K [0x0000000702400000, 0x000000071cf00000, 0x0000000780c00000)
  object space 437248K, 68% used [0x0000000702400000,0x000000071493cc70,0x000000071cf00000)
 Metaspace       used 14581K, capacity 14750K, committed 14848K, reserved 1062912K
  class space    used 1613K, capacity 1699K, committed 1792K, reserved 1048576K

