# JRE version: Java(TM) SE Runtime Environment (8.0_201-b09) (build 1.8.0_201-b09)
# Java VM: Java HotSpot(TM) 64-Bit Server VM (25.201-b09 mixed mode linux-amd64 compressed oops)
Heap:
 PSYoungGen      total 1818112K, used 1712913K [0x000000066ab00000, 0x00000006e2200000, 0x00000007c0000000)
  eden space 1682944K, 97% used [0x000000066ab00000,0x00000006cf508ba8,0x00000006d1680000)
  from space 135168K, 47% used [0x00000006d9880000,0x00000006dd73ba40,0x00000006e1c80000)
  to   space 133120K, 0% used [0x00000006d1680000,0x00000006d1680000,0x00000006d9880000)
 ParOldGen       total 519168K, used 350569K [0x00000003c0000000, 0x00000003dfb00000, 0x000000066ab00000)
  object space 519168K, 67% used [0x00000003c0000000,0x00000003d565a560,0x00000003dfb00000)
 Metaspace       used 15218K, capacity 15354K, committed 15488K, reserved 1062912K
  class space    used 1632K, capacity 1649K, committed 1664K, reserved 1048576K
GC Heap History (10 events):
Event: 44.771 GC heap before
{Heap before GC invocations=19 (full 2):
 PSYoungGen      total 1239040K, used 1225451K [0x000000066ab00000, 0x00000006bff80000, 0x00000007c0000000)
  eden space 1144320K, 100% used [0x000000066ab00000,0x00000006b0880000,0x00000006b0880000)
  from space 94720K, 85% used [0x00000006b6f80000,0x00000006bbebaea0,0x00000006bcc00000)
  to   space 105472K, 0% used [0x00000006b0880000,0x00000006b0880000,0x00000006b6f80000)
 ParOldGen       total 350720K, used 223960K [0x00000003c0000000, 0x00000003d5680000, 0x000000066ab00000)
  object space 350720K, 63% used [0x00000003c0000000,0x00000003cdab6258,0x00000003d5680000)
 Metaspace       used 15172K, capacity 15290K, committed 15488K, reserved 1062912K
  class space    used 1630K, capacity 1649K, committed 1664K, reserved 1048576K
Event: 45.104 GC heap after
Heap after GC invocations=19 (full 2):
 PSYoungGen      total 1249792K, used 91083K [0x000000066ab00000, 0x00000006cd280000, 0x00000007c0000000)
  eden space 1144320K, 0% used [0x000000066ab00000,0x000000066ab00000,0x00000006b0880000)
  from space 105472K, 86% used [0x00000006b0880000,0x00000006b6172ec0,0x00000006b6f80000)
  to   space 117760K, 0% used [0x00000006c5f80000,0x00000006c5f80000,0x00000006cd280000)
 ParOldGen       total 350720K, used 240643K [0x00000003c0000000, 0x00000003d5680000, 0x000000066ab00000)
  object space 350720K, 68% used [0x00000003c0000000,0x00000003ceb00f20,0x00000003d5680000)
 Metaspace       used 15172K, capacity 15290K, committed 15488K, reserved 1062912K
  class space    used 1630K, capacity 1649K, committed 1664K, reserved 1048576K
}
Event: 47.640 GC heap before
{Heap before GC invocations=20 (full 2):
 PSYoungGen      total 1249792K, used 1235403K [0x000000066ab00000, 0x00000006cd280000, 0x00000007c0000000)
  eden space 1144320K, 100% used [0x000000066ab00000,0x00000006b0880000,0x00000006b0880000)
  from space 105472K, 86% used [0x00000006b0880000,0x00000006b6172ec0,0x00000006b6f80000)
  to   space 117760K, 0% used [0x00000006c5f80000,0x00000006c5f80000,0x00000006cd280000)
 ParOldGen       total 350720K, used 240643K [0x00000003c0000000, 0x00000003d5680000, 0x000000066ab00000)
  object space 350720K, 68% used [0x00000003c0000000,0x00000003ceb00f20,0x00000003d5680000)
 Metaspace       used 15193K, capacity 15290K, committed 15488K, reserved 1062912K
  class space    used 1630K, capacity 1649K, committed 1664K, reserved 1048576K
Event: 48.008 GC heap after
Heap after GC invocations=20 (full 2):
 PSYoungGen      total 1484288K, used 95755K [0x000000066ab00000, 0x00000006cfb80000, 0x00000007c0000000)
  eden space 1366528K, 0% used [0x000000066ab00000,0x000000066ab00000,0x00000006be180000)
  from space 117760K, 81% used [0x00000006c5f80000,0x00000006cbd02ea0,0x00000006cd280000)
  to   space 129024K, 0% used [0x00000006be180000,0x00000006be180000,0x00000006c5f80000)
 ParOldGen       total 350720K, used 257891K [0x00000003c0000000, 0x00000003d5680000, 0x000000066ab00000)
  object space 350720K, 73% used [0x00000003c0000000,0x00000003cfbd8f20,0x00000003d5680000)
 Metaspace       used 15193K, capacity 15290K, committed 15488K, reserved 1062912K
  class space    used 1630K, capacity 1649K, committed 1664K, reserved 1048576K
}
Event: 51.407 GC heap before
{Heap before GC invocations=21 (full 2):
 PSYoungGen      total 1484288K, used 1462283K [0x000000066ab00000, 0x00000006cfb80000, 0x00000007c0000000)
  eden space 1366528K, 100% used [0x000000066ab00000,0x00000006be180000,0x00000006be180000)
  from space 117760K, 81% used [0x00000006c5f80000,0x00000006cbd02ea0,0x00000006cd280000)
  to   space 129024K, 0% used [0x00000006be180000,0x00000006be180000,0x00000006c5f80000)
 ParOldGen       total 350720K, used 257891K [0x00000003c0000000, 0x00000003d5680000, 0x000000066ab00000)
  object space 350720K, 73% used [0x00000003c0000000,0x00000003cfbd8f20,0x00000003d5680000)
 Metaspace       used 15202K, capacity 15290K, committed 15488K, reserved 1062912K
  class space    used 1630K, capacity 1649K, committed 1664K, reserved 1048576K
Event: 51.864 GC heap after
Heap after GC invocations=21 (full 2):
 PSYoungGen      total 1495552K, used 88087K [0x000000066ab00000, 0x00000006e1c80000, 0x00000007c0000000)
  eden space 1366528K, 0% used [0x000000066ab00000,0x000000066ab00000,0x00000006be180000)
  from space 129024K, 68% used [0x00000006be180000,0x00000006c3785cd8,0x00000006c5f80000)
  to   space 135168K, 0% used [0x00000006d9880000,0x00000006d9880000,0x00000006e1c80000)
 ParOldGen       total 350720K, used 300835K [0x00000003c0000000, 0x00000003d5680000, 0x000000066ab00000)
  object space 350720K, 85% used [0x00000003c0000000,0x00000003d25c8f60,0x00000003d5680000)
 Metaspace       used 15202K, capacity 15290K, committed 15488K, reserved 1062912K
  class space    used 1630K, capacity 1649K, committed 1664K, reserved 1048576K
}
Event: 54.937 GC heap before
{Heap before GC invocations=22 (full 2):
 PSYoungGen      total 1495552K, used 1454615K [0x000000066ab00000, 0x00000006e1c80000, 0x00000007c0000000)
  eden space 1366528K, 100% used [0x000000066ab00000,0x00000006be180000,0x00000006be180000)
  from space 129024K, 68% used [0x00000006be180000,0x00000006c3785cd8,0x00000006c5f80000)
  to   space 135168K, 0% used [0x00000006d9880000,0x00000006d9880000,0x00000006e1c80000)
 ParOldGen       total 350720K, used 300835K [0x00000003c0000000, 0x00000003d5680000, 0x000000066ab00000)
  object space 350720K, 85% used [0x00000003c0000000,0x00000003d25c8f60,0x00000003d5680000)
 Metaspace       used 15213K, capacity 15290K, committed 15488K, reserved 1062912K
  class space    used 1632K, capacity 1649K, committed 1664K, reserved 1048576K
Event: 55.364 GC heap after
Heap after GC invocations=22 (full 2):
 PSYoungGen      total 1818112K, used 70007K [0x000000066ab00000, 0x00000006e2200000, 0x00000007c0000000)
  eden space 1682944K, 0% used [0x000000066ab00000,0x000000066ab00000,0x00000006d1680000)
  from space 135168K, 51% used [0x00000006d9880000,0x00000006ddcddcc8,0x00000006e1c80000)
  to   space 133120K, 0% used [0x00000006d1680000,0x00000006d1680000,0x00000006d9880000)
 ParOldGen       total 350720K, used 349768K [0x00000003c0000000, 0x00000003d5680000, 0x000000066ab00000)
  object space 350720K, 99% used [0x00000003c0000000,0x00000003d5592030,0x00000003d5680000)
 Metaspace       used 15213K, capacity 15290K, committed 15488K, reserved 1062912K
  class space    used 1632K, capacity 1649K, committed 1664K, reserved 1048576K
}
Event: 55.364 GC heap before
{Heap before GC invocations=23 (full 3):
 PSYoungGen      total 1818112K, used 70007K [0x000000066ab00000, 0x00000006e2200000, 0x00000007c0000000)
  eden space 1682944K, 0% used [0x000000066ab00000,0x000000066ab00000,0x00000006d1680000)
  from space 135168K, 51% used [0x00000006d9880000,0x00000006ddcddcc8,0x00000006e1c80000)
  to   space 133120K, 0% used [0x00000006d1680000,0x00000006d1680000,0x00000006d9880000)
 ParOldGen       total 350720K, used 349768K [0x00000003c0000000, 0x00000003d5680000, 0x000000066ab00000)
  object space 350720K, 99% used [0x00000003c0000000,0x00000003d5592030,0x00000003d5680000)
 Metaspace       used 15213K, capacity 15290K, committed 15488K, reserved 1062912K
  class space    used 1632K, capacity 1649K, committed 1664K, reserved 1048576K
Event: 57.001 GC heap after
Heap after GC invocations=23 (full 3):
 PSYoungGen      total 1818112K, used 64238K [0x000000066ab00000, 0x00000006e2200000, 0x00000007c0000000)
  eden space 1682944K, 0% used [0x000000066ab00000,0x000000066ab00000,0x00000006d1680000)
  from space 135168K, 47% used [0x00000006d9880000,0x00000006dd73ba40,0x00000006e1c80000)
  to   space 133120K, 0% used [0x00000006d1680000,0x00000006d1680000,0x00000006d9880000)
 ParOldGen       total 519168K, used 350569K [0x00000003c0000000, 0x00000003dfb00000, 0x000000066ab00000)
  object space 519168K, 67% used [0x00000003c0000000,0x00000003d565a560,0x00000003dfb00000)
 Metaspace       used 15213K, capacity 15290K, committed 15488K, reserved 1062912K
  class space    used 1632K, capacity 1649K, committed 1664K, reserved 1048576K
}

