# JRE version: Java(TM) SE Runtime Environment (8.0_201-b09) (build 1.8.0_201-b09)
# Java VM: Java HotSpot(TM) 64-Bit Server VM (25.201-b09 mixed mode linux-amd64 compressed oops)
Heap:
 PSYoungGen      total 3104256K, used 56527K [0x000000066ab00000, 0x0000000732700000, 0x00000007c0000000)
  eden space 3029504K, 0% used [0x000000066ab00000,0x000000066ab00000,0x0000000723980000)
  from space 74752K, 75% used [0x0000000728680000,0x000000072bdb3e40,0x000000072cf80000)
  to   space 78848K, 0% used [0x0000000723980000,0x0000000723980000,0x0000000728680000)
 ParOldGen       total 507392K, used 480801K [0x00000003c0000000, 0x00000003def80000, 0x000000066ab00000)
  object space 507392K, 94% used [0x00000003c0000000,0x00000003dd588688,0x00000003def80000)
 Metaspace       used 15092K, capacity 15230K, committed 15488K, reserved 1062912K
  class space    used 1629K, capacity 1649K, committed 1664K, reserved 1048576K
GC Heap History (10 events):
Event: 64.846 GC heap after
Heap after GC invocations=21 (full 2):
 PSYoungGen      total 2117120K, used 54480K [0x000000066ab00000, 0x000000070f500000, 0x00000007c0000000)
  eden space 2054144K, 0% used [0x000000066ab00000,0x000000066ab00000,0x00000006e8100000)
  from space 62976K, 86% used [0x00000006e8100000,0x00000006eb634340,0x00000006ebe80000)
  to   space 69632K, 0% used [0x000000070b100000,0x000000070b100000,0x000000070f500000)
 ParOldGen       total 347136K, used 340935K [0x00000003c0000000, 0x00000003d5300000, 0x000000066ab00000)
  object space 347136K, 98% used [0x00000003c0000000,0x00000003d4cf1f48,0x00000003d5300000)
 Metaspace       used 15081K, capacity 15230K, committed 15488K, reserved 1062912K
  class space    used 1629K, capacity 1649K, committed 1664K, reserved 1048576K
}
Event: 64.846 GC heap before
{Heap before GC invocations=22 (full 3):
 PSYoungGen      total 2117120K, used 54480K [0x000000066ab00000, 0x000000070f500000, 0x00000007c0000000)
  eden space 2054144K, 0% used [0x000000066ab00000,0x000000066ab00000,0x00000006e8100000)
  from space 62976K, 86% used [0x00000006e8100000,0x00000006eb634340,0x00000006ebe80000)
  to   space 69632K, 0% used [0x000000070b100000,0x000000070b100000,0x000000070f500000)
 ParOldGen       total 347136K, used 340935K [0x00000003c0000000, 0x00000003d5300000, 0x000000066ab00000)
  object space 347136K, 98% used [0x00000003c0000000,0x00000003d4cf1f48,0x00000003d5300000)
 Metaspace       used 15081K, capacity 15230K, committed 15488K, reserved 1062912K
  class space    used 1629K, capacity 1649K, committed 1664K, reserved 1048576K
Event: 66.676 GC heap after
Heap after GC invocations=22 (full 3):
 PSYoungGen      total 2117120K, used 41569K [0x000000066ab00000, 0x000000070f500000, 0x00000007c0000000)
  eden space 2054144K, 0% used [0x000000066ab00000,0x000000066ab00000,0x00000006e8100000)
  from space 62976K, 66% used [0x00000006e8100000,0x00000006ea9984d8,0x00000006ebe80000)
  to   space 69632K, 0% used [0x000000070b100000,0x000000070b100000,0x000000070f500000)
 ParOldGen       total 507392K, used 346748K [0x00000003c0000000, 0x00000003def80000, 0x000000066ab00000)
  object space 507392K, 68% used [0x00000003c0000000,0x00000003d529f2e8,0x00000003def80000)
 Metaspace       used 15081K, capacity 15230K, committed 15488K, reserved 1062912K
  class space    used 1629K, capacity 1649K, committed 1664K, reserved 1048576K
}
Event: 71.140 GC heap before
{Heap before GC invocations=23 (full 3):
 PSYoungGen      total 2117120K, used 2095713K [0x000000066ab00000, 0x000000070f500000, 0x00000007c0000000)
  eden space 2054144K, 100% used [0x000000066ab00000,0x00000006e8100000,0x00000006e8100000)
  from space 62976K, 66% used [0x00000006e8100000,0x00000006ea9984d8,0x00000006ebe80000)
  to   space 69632K, 0% used [0x000000070b100000,0x000000070b100000,0x000000070f500000)
 ParOldGen       total 507392K, used 346748K [0x00000003c0000000, 0x00000003def80000, 0x000000066ab00000)
  object space 507392K, 68% used [0x00000003c0000000,0x00000003d529f2e8,0x00000003def80000)
 Metaspace       used 15082K, capacity 15230K, committed 15488K, reserved 1062912K
  class space    used 1629K, capacity 1649K, committed 1664K, reserved 1048576K
Event: 71.610 GC heap after
Heap after GC invocations=23 (full 3):
 PSYoungGen      total 2536448K, used 43392K [0x000000066ab00000, 0x000000070db80000, 0x00000007c0000000)
  eden space 2492928K, 0% used [0x000000066ab00000,0x000000066ab00000,0x0000000702d80000)
  from space 43520K, 99% used [0x000000070b100000,0x000000070db600b0,0x000000070db80000)
  to   space 70144K, 0% used [0x0000000705280000,0x0000000705280000,0x0000000709700000)
 ParOldGen       total 507392K, used 382257K [0x00000003c0000000, 0x00000003def80000, 0x000000066ab00000)
  object space 507392K, 75% used [0x00000003c0000000,0x00000003d754c408,0x00000003def80000)
 Metaspace       used 15082K, capacity 15230K, committed 15488K, reserved 1062912K
  class space    used 1629K, capacity 1649K, committed 1664K, reserved 1048576K
}
Event: 78.691 GC heap before
{Heap before GC invocations=24 (full 3):
 PSYoungGen      total 2536448K, used 2536320K [0x000000066ab00000, 0x000000070db80000, 0x00000007c0000000)
  eden space 2492928K, 100% used [0x000000066ab00000,0x0000000702d80000,0x0000000702d80000)
  from space 43520K, 99% used [0x000000070b100000,0x000000070db600b0,0x000000070db80000)
  to   space 70144K, 0% used [0x0000000705280000,0x0000000705280000,0x0000000709700000)
 ParOldGen       total 507392K, used 382257K [0x00000003c0000000, 0x00000003def80000, 0x000000066ab00000)
  object space 507392K, 75% used [0x00000003c0000000,0x00000003d754c408,0x00000003def80000)
 Metaspace       used 15085K, capacity 15230K, committed 15488K, reserved 1062912K
  class space    used 1629K, capacity 1649K, committed 1664K, reserved 1048576K
Event: 79.198 GC heap after
Heap after GC invocations=24 (full 3):
 PSYoungGen      total 2600960K, used 54960K [0x000000066ab00000, 0x000000072cf80000, 0x00000007c0000000)
  eden space 2530816K, 0% used [0x000000066ab00000,0x000000066ab00000,0x0000000705280000)
  from space 70144K, 78% used [0x0000000705280000,0x000000070882c070,0x0000000709700000)
  to   space 74752K, 0% used [0x0000000728680000,0x0000000728680000,0x000000072cf80000)
 ParOldGen       total 507392K, used 425729K [0x00000003c0000000, 0x00000003def80000, 0x000000066ab00000)
  object space 507392K, 83% used [0x00000003c0000000,0x00000003d9fc0558,0x00000003def80000)
 Metaspace       used 15085K, capacity 15230K, committed 15488K, reserved 1062912K
  class space    used 1629K, capacity 1649K, committed 1664K, reserved 1048576K
}
Event: 84.533 GC heap before
{Heap before GC invocations=25 (full 3):
 PSYoungGen      total 2600960K, used 2585776K [0x000000066ab00000, 0x000000072cf80000, 0x00000007c0000000)
  eden space 2530816K, 100% used [0x000000066ab00000,0x0000000705280000,0x0000000705280000)
  from space 70144K, 78% used [0x0000000705280000,0x000000070882c070,0x0000000709700000)
  to   space 74752K, 0% used [0x0000000728680000,0x0000000728680000,0x000000072cf80000)
 ParOldGen       total 507392K, used 425729K [0x00000003c0000000, 0x00000003def80000, 0x000000066ab00000)
  object space 507392K, 83% used [0x00000003c0000000,0x00000003d9fc0558,0x00000003def80000)
 Metaspace       used 15092K, capacity 15230K, committed 15488K, reserved 1062912K
  class space    used 1629K, capacity 1649K, committed 1664K, reserved 1048576K
Event: 85.107 GC heap after
Heap after GC invocations=25 (full 3):
 PSYoungGen      total 3104256K, used 56527K [0x000000066ab00000, 0x0000000732700000, 0x00000007c0000000)
  eden space 3029504K, 0% used [0x000000066ab00000,0x000000066ab00000,0x0000000723980000)
  from space 74752K, 75% used [0x0000000728680000,0x000000072bdb3e40,0x000000072cf80000)
  to   space 78848K, 0% used [0x0000000723980000,0x0000000723980000,0x0000000728680000)
 ParOldGen       total 507392K, used 480801K [0x00000003c0000000, 0x00000003def80000, 0x000000066ab00000)
  object space 507392K, 94% used [0x00000003c0000000,0x00000003dd588688,0x00000003def80000)
 Metaspace       used 15092K, capacity 15230K, committed 15488K, reserved 1062912K
  class space    used 1629K, capacity 1649K, committed 1664K, reserved 1048576K
}
Event: 85.107 GC heap before
{Heap before GC invocations=26 (full 4):
 PSYoungGen      total 3104256K, used 56527K [0x000000066ab00000, 0x0000000732700000, 0x00000007c0000000)
  eden space 3029504K, 0% used [0x000000066ab00000,0x000000066ab00000,0x0000000723980000)
  from space 74752K, 75% used [0x0000000728680000,0x000000072bdb3e40,0x000000072cf80000)
  to   space 78848K, 0% used [0x0000000723980000,0x0000000723980000,0x0000000728680000)
 ParOldGen       total 507392K, used 480801K [0x00000003c0000000, 0x00000003def80000, 0x000000066ab00000)
  object space 507392K, 94% used [0x00000003c0000000,0x00000003dd588688,0x00000003def80000)
 Metaspace       used 15092K, capacity 15230K, committed 15488K, reserved 1062912K
  class space    used 1629K, capacity 1649K, committed 1664K, reserved 1048576K

