# JRE version: Java(TM) SE Runtime Environment (8.0_201-b09) (build 1.8.0_201-b09)
# Java VM: Java HotSpot(TM) 64-Bit Server VM (25.201-b09 mixed mode windows-amd64 compressed oops)
Heap:
 PSYoungGen      total 505856K, used 307864K [0x00000000dab00000, 0x0000000100000000, 0x0000000100000000)
  eden space 429568K, 53% used [0x00000000dab00000,0x00000000e8d85c70,0x00000000f4e80000)
  from space 76288K, 99% used [0x00000000f4e80000,0x00000000f98a0550,0x00000000f9900000)
  to   space 98304K, 0% used [0x00000000fa000000,0x00000000fa000000,0x0000000100000000)
 ParOldGen       total 224256K, used 130756K [0x0000000090000000, 0x000000009db00000, 0x00000000dab00000)
  object space 224256K, 58% used [0x0000000090000000,0x0000000097fb1338,0x000000009db00000)
 Metaspace       used 9752K, capacity 10080K, committed 10368K, reserved 1058816K
  class space    used 1002K, capacity 1040K, committed 1152K, reserved 1048576K
GC Heap History (10 events):
Event: 25.691 GC heap before
{Heap before GC invocations=17 (full 1):
 PSYoungGen      total 390144K, used 390112K [0x00000000dab00000, 0x00000000fd200000, 0x0000000100000000)
  eden space 317952K, 100% used [0x00000000dab00000,0x00000000ee180000,0x00000000ee180000)
  from space 72192K, 99% used [0x00000000ee180000,0x00000000f27f8378,0x00000000f2800000)
  to   space 82944K, 0% used [0x00000000f8100000,0x00000000f8100000,0x00000000fd200000)
 ParOldGen       total 131072K, used 100877K [0x0000000090000000, 0x0000000098000000, 0x00000000dab00000)
  object space 131072K, 76% used [0x0000000090000000,0x0000000096283740,0x0000000098000000)
 Metaspace       used 9677K, capacity 10016K, committed 10368K, reserved 1058816K
  class space    used 1002K, capacity 1040K, committed 1152K, reserved 1048576K
Event: 25.953 GC heap after
Heap after GC invocations=17 (full 1):
 PSYoungGen      total 471040K, used 75696K [0x00000000dab00000, 0x00000000fe680000, 0x0000000100000000)
  eden space 388096K, 0% used [0x00000000dab00000,0x00000000dab00000,0x00000000f2600000)
  from space 82944K, 91% used [0x00000000f8100000,0x00000000fcaec388,0x00000000fd200000)
  to   space 93184K, 0% used [0x00000000f2600000,0x00000000f2600000,0x00000000f8100000)
 ParOldGen       total 131072K, used 109921K [0x0000000090000000, 0x0000000098000000, 0x00000000dab00000)
  object space 131072K, 83% used [0x0000000090000000,0x0000000096b58780,0x0000000098000000)
 Metaspace       used 9677K, capacity 10016K, committed 10368K, reserved 1058816K
  class space    used 1002K, capacity 1040K, committed 1152K, reserved 1048576K
}
Event: 25.953 GC heap before
{Heap before GC invocations=18 (full 2):
 PSYoungGen      total 471040K, used 75696K [0x00000000dab00000, 0x00000000fe680000, 0x0000000100000000)
  eden space 388096K, 0% used [0x00000000dab00000,0x00000000dab00000,0x00000000f2600000)
  from space 82944K, 91% used [0x00000000f8100000,0x00000000fcaec388,0x00000000fd200000)
  to   space 93184K, 0% used [0x00000000f2600000,0x00000000f2600000,0x00000000f8100000)
 ParOldGen       total 131072K, used 109921K [0x0000000090000000, 0x0000000098000000, 0x00000000dab00000)
  object space 131072K, 83% used [0x0000000090000000,0x0000000096b58780,0x0000000098000000)
 Metaspace       used 9677K, capacity 10016K, committed 10368K, reserved 1058816K
  class space    used 1002K, capacity 1040K, committed 1152K, reserved 1048576K
Event: 27.113 GC heap after
Heap after GC invocations=18 (full 2):
 PSYoungGen      total 471040K, used 29813K [0x00000000dab00000, 0x00000000fe680000, 0x0000000100000000)
  eden space 388096K, 0% used [0x00000000dab00000,0x00000000dab00000,0x00000000f2600000)
  from space 82944K, 35% used [0x00000000f8100000,0x00000000f9e1d548,0x00000000fd200000)
  to   space 93184K, 0% used [0x00000000f2600000,0x00000000f2600000,0x00000000f8100000)
 ParOldGen       total 224256K, used 130756K [0x0000000090000000, 0x000000009db00000, 0x00000000dab00000)
  object space 224256K, 58% used [0x0000000090000000,0x0000000097fb1338,0x000000009db00000)
 Metaspace       used 9677K, capacity 10016K, committed 10368K, reserved 1058816K
  class space    used 1002K, capacity 1040K, committed 1152K, reserved 1048576K
}
Event: 30.115 GC heap before
{Heap before GC invocations=19 (full 2):
 PSYoungGen      total 471040K, used 417909K [0x00000000dab00000, 0x00000000fe680000, 0x0000000100000000)
  eden space 388096K, 100% used [0x00000000dab00000,0x00000000f2600000,0x00000000f2600000)
  from space 82944K, 35% used [0x00000000f8100000,0x00000000f9e1d548,0x00000000fd200000)
  to   space 93184K, 0% used [0x00000000f2600000,0x00000000f2600000,0x00000000f8100000)
 ParOldGen       total 224256K, used 130756K [0x0000000090000000, 0x000000009db00000, 0x00000000dab00000)
  object space 224256K, 58% used [0x0000000090000000,0x0000000097fb1338,0x000000009db00000)
 Metaspace       used 9738K, capacity 10080K, committed 10368K, reserved 1058816K
  class space    used 1002K, capacity 1040K, committed 1152K, reserved 1048576K
Event: 30.246 GC heap after
Heap after GC invocations=19 (full 2):
 PSYoungGen      total 481280K, used 43216K [0x00000000dab00000, 0x0000000100000000, 0x0000000100000000)
  eden space 388096K, 0% used [0x00000000dab00000,0x00000000dab00000,0x00000000f2600000)
  from space 93184K, 46% used [0x00000000f2600000,0x00000000f5034348,0x00000000f8100000)
  to   space 88576K, 0% used [0x00000000fa980000,0x00000000fa980000,0x0000000100000000)
 ParOldGen       total 224256K, used 130756K [0x0000000090000000, 0x000000009db00000, 0x00000000dab00000)
  object space 224256K, 58% used [0x0000000090000000,0x0000000097fb1338,0x000000009db00000)
 Metaspace       used 9738K, capacity 10080K, committed 10368K, reserved 1058816K
  class space    used 1002K, capacity 1040K, committed 1152K, reserved 1048576K
}
Event: 33.157 GC heap before
{Heap before GC invocations=20 (full 2):
 PSYoungGen      total 481280K, used 431312K [0x00000000dab00000, 0x0000000100000000, 0x0000000100000000)
  eden space 388096K, 100% used [0x00000000dab00000,0x00000000f2600000,0x00000000f2600000)
  from space 93184K, 46% used [0x00000000f2600000,0x00000000f5034348,0x00000000f8100000)
  to   space 88576K, 0% used [0x00000000fa980000,0x00000000fa980000,0x0000000100000000)
 ParOldGen       total 224256K, used 130756K [0x0000000090000000, 0x000000009db00000, 0x00000000dab00000)
  object space 224256K, 58% used [0x0000000090000000,0x0000000097fb1338,0x000000009db00000)
 Metaspace       used 9739K, capacity 10080K, committed 10368K, reserved 1058816K
  class space    used 1002K, capacity 1040K, committed 1152K, reserved 1048576K
Event: 33.296 GC heap after
Heap after GC invocations=20 (full 2):
 PSYoungGen      total 517632K, used 59073K [0x00000000dab00000, 0x00000000fff80000, 0x0000000100000000)
  eden space 429568K, 0% used [0x00000000dab00000,0x00000000dab00000,0x00000000f4e80000)
  from space 88064K, 67% used [0x00000000fa980000,0x00000000fe330560,0x00000000fff80000)
  to   space 90624K, 0% used [0x00000000f4e80000,0x00000000f4e80000,0x00000000fa700000)
 ParOldGen       total 224256K, used 130756K [0x0000000090000000, 0x000000009db00000, 0x00000000dab00000)
  object space 224256K, 58% used [0x0000000090000000,0x0000000097fb1338,0x000000009db00000)
 Metaspace       used 9739K, capacity 10080K, committed 10368K, reserved 1058816K
  class space    used 1002K, capacity 1040K, committed 1152K, reserved 1048576K
}
Event: 37.317 GC heap before
{Heap before GC invocations=21 (full 2):
 PSYoungGen      total 517632K, used 488641K [0x00000000dab00000, 0x00000000fff80000, 0x0000000100000000)
  eden space 429568K, 100% used [0x00000000dab00000,0x00000000f4e80000,0x00000000f4e80000)
  from space 88064K, 67% used [0x00000000fa980000,0x00000000fe330560,0x00000000fff80000)
  to   space 90624K, 0% used [0x00000000f4e80000,0x00000000f4e80000,0x00000000fa700000)
 ParOldGen       total 224256K, used 130756K [0x0000000090000000, 0x000000009db00000, 0x00000000dab00000)
  object space 224256K, 58% used [0x0000000090000000,0x0000000097fb1338,0x000000009db00000)
 Metaspace       used 9752K, capacity 10080K, committed 10368K, reserved 1058816K
  class space    used 1002K, capacity 1040K, committed 1152K, reserved 1048576K
Event: 37.513 GC heap after
Heap after GC invocations=21 (full 2):
 PSYoungGen      total 505856K, used 75905K [0x00000000dab00000, 0x0000000100000000, 0x0000000100000000)
  eden space 429568K, 0% used [0x00000000dab00000,0x00000000dab00000,0x00000000f4e80000)
  from space 76288K, 99% used [0x00000000f4e80000,0x00000000f98a0550,0x00000000f9900000)
  to   space 98304K, 0% used [0x00000000fa000000,0x00000000fa000000,0x0000000100000000)
 ParOldGen       total 224256K, used 130756K [0x0000000090000000, 0x000000009db00000, 0x00000000dab00000)
  object space 224256K, 58% used [0x0000000090000000,0x0000000097fb1338,0x000000009db00000)
 Metaspace       used 9752K, capacity 10080K, committed 10368K, reserved 1058816K
  class space    used 1002K, capacity 1040K, committed 1152K, reserved 1048576K
}

